[100%] Built target scene
-- Install configuration: ""
-- Execute custom install script
-- Up-to-date symlink: /home/luca/ur_ws/src/install/create_scene/lib/create_scene/scene
-- Up-to-date symlink: /home/luca/ur_ws/src/install/create_scene/share/create_scene//launch/create_scene.launch.py
-- Up-to-date symlink: /home/luca/ur_ws/src/install/create_scene/share/ament_index/resource_index/package_run_dependencies/create_scene
-- Up-to-date symlink: /home/luca/ur_ws/src/install/create_scene/share/ament_index/resource_index/parent_prefix_path/create_scene
-- Up-to-date symlink: /home/luca/ur_ws/src/install/create_scene/share/create_scene/environment/ament_prefix_path.sh
-- Up-to-date symlink: /home/luca/ur_ws/src/install/create_scene/share/create_scene/environment/ament_prefix_path.dsv
-- Up-to-date symlink: /home/luca/ur_ws/src/install/create_scene/share/create_scene/environment/path.sh
-- Up-to-date symlink: /home/luca/ur_ws/src/install/create_scene/share/create_scene/environment/path.dsv
-- Up-to-date symlink: /home/luca/ur_ws/src/install/create_scene/share/create_scene/local_setup.bash
-- Up-to-date symlink: /home/luca/ur_ws/src/install/create_scene/share/create_scene/local_setup.sh
-- Up-to-date symlink: /home/luca/ur_ws/src/install/create_scene/share/create_scene/local_setup.zsh
-- Up-to-date symlink: /home/luca/ur_ws/src/install/create_scene/share/create_scene/local_setup.dsv
-- Symlinking: /home/luca/ur_ws/src/install/create_scene/share/create_scene/package.dsv
-- Up-to-date symlink: /home/luca/ur_ws/src/install/create_scene/share/ament_index/resource_index/packages/create_scene
-- Up-to-date symlink: /home/luca/ur_ws/src/install/create_scene/share/create_scene/cmake/create_sceneConfig.cmake
-- Up-to-date symlink: /home/luca/ur_ws/src/install/create_scene/share/create_scene/cmake/create_sceneConfig-version.cmake
-- Up-to-date symlink: /home/luca/ur_ws/src/install/create_scene/share/create_scene/package.xml
