[0.007s] Invoking command in '/home/luca/ur_ws/src/build/ur5e_2fg7': AMENT_PREFIX_PATH=/home/luca/ur_ws/src/install/ur_description:/home/luca/ur_ws/src/install/onrobot_2fg7_description:${AMENT_PREFIX_PATH} CMAKE_PREFIX_PATH=/home/luca/ur_ws/src/install/ur_description:/home/luca/ur_ws/src/install/onrobot_2fg7_description:/home/luca/ur_ws/install/ur:/home/luca/ur_ws/install/ur_calibration:/home/luca/ur_ws/install/ur_robot_driver:/home/luca/ur_ws/install/ur_moveit_config:/home/luca/ur_ws/install/ur5e_2fg7_moveit_config:/home/luca/ur_ws/install/ur5e_2fg7:/home/luca/ur_ws/install/ur_description:/home/luca/ur_ws/install/ur_controllers:/home/luca/ur_ws/install/ur_dashboard_msgs:/home/luca/ur_ws/install/ur_client_library:/home/luca/ur_ws/install/ur5e_demo:/home/luca/ur_ws/install/onrobot_2fg7_description:/home/luca/ur_ws/install/moveit_resources:/home/luca/ur_ws/install/moveit_resources_pr2_description:/home/luca/ur_ws/install/moveit_resources_panda_moveit_config:/home/luca/ur_ws/install/moveit_resources_panda_description:/home/luca/ur_ws/install/moveit_resources_fanuc_moveit_config:/home/luca/ur_ws/install/moveit_resources_fanuc_description:/home/luca/ur_ws/install/moveit_planning:/home/luca/ur_ws/install/create_scene:/opt/ros/humble /usr/bin/cmake --build /home/luca/ur_ws/src/build/ur5e_2fg7 -- -j8 -l8
[0.035s] Invoked command in '/home/luca/ur_ws/src/build/ur5e_2fg7' returned '0': AMENT_PREFIX_PATH=/home/luca/ur_ws/src/install/ur_description:/home/luca/ur_ws/src/install/onrobot_2fg7_description:${AMENT_PREFIX_PATH} CMAKE_PREFIX_PATH=/home/luca/ur_ws/src/install/ur_description:/home/luca/ur_ws/src/install/onrobot_2fg7_description:/home/luca/ur_ws/install/ur:/home/luca/ur_ws/install/ur_calibration:/home/luca/ur_ws/install/ur_robot_driver:/home/luca/ur_ws/install/ur_moveit_config:/home/luca/ur_ws/install/ur5e_2fg7_moveit_config:/home/luca/ur_ws/install/ur5e_2fg7:/home/luca/ur_ws/install/ur_description:/home/luca/ur_ws/install/ur_controllers:/home/luca/ur_ws/install/ur_dashboard_msgs:/home/luca/ur_ws/install/ur_client_library:/home/luca/ur_ws/install/ur5e_demo:/home/luca/ur_ws/install/onrobot_2fg7_description:/home/luca/ur_ws/install/moveit_resources:/home/luca/ur_ws/install/moveit_resources_pr2_description:/home/luca/ur_ws/install/moveit_resources_panda_moveit_config:/home/luca/ur_ws/install/moveit_resources_panda_description:/home/luca/ur_ws/install/moveit_resources_fanuc_moveit_config:/home/luca/ur_ws/install/moveit_resources_fanuc_description:/home/luca/ur_ws/install/moveit_planning:/home/luca/ur_ws/install/create_scene:/opt/ros/humble /usr/bin/cmake --build /home/luca/ur_ws/src/build/ur5e_2fg7 -- -j8 -l8
[0.036s] Invoking command in '/home/luca/ur_ws/src/build/ur5e_2fg7': AMENT_PREFIX_PATH=/home/luca/ur_ws/src/install/ur_description:/home/luca/ur_ws/src/install/onrobot_2fg7_description:${AMENT_PREFIX_PATH} CMAKE_PREFIX_PATH=/home/luca/ur_ws/src/install/ur_description:/home/luca/ur_ws/src/install/onrobot_2fg7_description:/home/luca/ur_ws/install/ur:/home/luca/ur_ws/install/ur_calibration:/home/luca/ur_ws/install/ur_robot_driver:/home/luca/ur_ws/install/ur_moveit_config:/home/luca/ur_ws/install/ur5e_2fg7_moveit_config:/home/luca/ur_ws/install/ur5e_2fg7:/home/luca/ur_ws/install/ur_description:/home/luca/ur_ws/install/ur_controllers:/home/luca/ur_ws/install/ur_dashboard_msgs:/home/luca/ur_ws/install/ur_client_library:/home/luca/ur_ws/install/ur5e_demo:/home/luca/ur_ws/install/onrobot_2fg7_description:/home/luca/ur_ws/install/moveit_resources:/home/luca/ur_ws/install/moveit_resources_pr2_description:/home/luca/ur_ws/install/moveit_resources_panda_moveit_config:/home/luca/ur_ws/install/moveit_resources_panda_description:/home/luca/ur_ws/install/moveit_resources_fanuc_moveit_config:/home/luca/ur_ws/install/moveit_resources_fanuc_description:/home/luca/ur_ws/install/moveit_planning:/home/luca/ur_ws/install/create_scene:/opt/ros/humble /usr/bin/cmake --install /home/luca/ur_ws/src/build/ur5e_2fg7
[0.042s] -- Install configuration: ""
[0.042s] -- Execute custom install script
[0.042s] -- Up-to-date symlink: /home/luca/ur_ws/src/install/ur5e_2fg7/share/ur5e_2fg7//urdf/ur5e_2fg7.ros2_control.xacro
[0.042s] -- Up-to-date symlink: /home/luca/ur_ws/src/install/ur5e_2fg7/share/ur5e_2fg7//urdf/ur5e_2fg7_description_only.urdf.xacro
[0.042s] -- Up-to-date symlink: /home/luca/ur_ws/src/install/ur5e_2fg7/share/ur5e_2fg7//urdf/ur5e_2fg7_final.urdf
[0.042s] -- Up-to-date symlink: /home/luca/ur_ws/src/install/ur5e_2fg7/share/ur5e_2fg7//urdf/ur5e_2fg7_main.urdf
[0.043s] -- Up-to-date symlink: /home/luca/ur_ws/src/install/ur5e_2fg7/share/ur5e_2fg7//urdf/ur5e_2fg7_main.urdf.xacro
[0.043s] -- Up-to-date symlink: /home/luca/ur_ws/src/install/ur5e_2fg7/share/ur5e_2fg7//launch/isaacsim_moveit.launch.py
[0.043s] -- Up-to-date symlink: /home/luca/ur_ws/src/install/ur5e_2fg7/share/ur5e_2fg7//launch/view_robot.launch.py
[0.043s] -- Up-to-date symlink: /home/luca/ur_ws/src/install/ur5e_2fg7/share/ur5e_2fg7//config/moveit_controllers.yaml
[0.043s] -- Up-to-date symlink: /home/luca/ur_ws/src/install/ur5e_2fg7/share/ur5e_2fg7//config/ros2_controllers.yaml
[0.043s] -- Up-to-date symlink: /home/luca/ur_ws/src/install/ur5e_2fg7/share/ur5e_2fg7//config/view_robot.rviz
[0.043s] -- Up-to-date symlink: /home/luca/ur_ws/src/install/ur5e_2fg7/share/ament_index/resource_index/package_run_dependencies/ur5e_2fg7
[0.043s] -- Up-to-date symlink: /home/luca/ur_ws/src/install/ur5e_2fg7/share/ament_index/resource_index/parent_prefix_path/ur5e_2fg7
[0.043s] -- Up-to-date symlink: /home/luca/ur_ws/src/install/ur5e_2fg7/share/ur5e_2fg7/environment/ament_prefix_path.sh
[0.043s] -- Up-to-date symlink: /home/luca/ur_ws/src/install/ur5e_2fg7/share/ur5e_2fg7/environment/ament_prefix_path.dsv
[0.044s] -- Up-to-date symlink: /home/luca/ur_ws/src/install/ur5e_2fg7/share/ur5e_2fg7/environment/path.sh
[0.044s] -- Up-to-date symlink: /home/luca/ur_ws/src/install/ur5e_2fg7/share/ur5e_2fg7/environment/path.dsv
[0.044s] -- Up-to-date symlink: /home/luca/ur_ws/src/install/ur5e_2fg7/share/ur5e_2fg7/local_setup.bash
[0.044s] -- Up-to-date symlink: /home/luca/ur_ws/src/install/ur5e_2fg7/share/ur5e_2fg7/local_setup.sh
[0.044s] -- Up-to-date symlink: /home/luca/ur_ws/src/install/ur5e_2fg7/share/ur5e_2fg7/local_setup.zsh
[0.044s] -- Up-to-date symlink: /home/luca/ur_ws/src/install/ur5e_2fg7/share/ur5e_2fg7/local_setup.dsv
[0.044s] -- Symlinking: /home/luca/ur_ws/src/install/ur5e_2fg7/share/ur5e_2fg7/package.dsv
[0.050s] -- Up-to-date symlink: /home/luca/ur_ws/src/install/ur5e_2fg7/share/ament_index/resource_index/packages/ur5e_2fg7
[0.050s] -- Up-to-date symlink: /home/luca/ur_ws/src/install/ur5e_2fg7/share/ur5e_2fg7/cmake/ur5e_2fg7Config.cmake
[0.050s] -- Up-to-date symlink: /home/luca/ur_ws/src/install/ur5e_2fg7/share/ur5e_2fg7/cmake/ur5e_2fg7Config-version.cmake
[0.051s] -- Up-to-date symlink: /home/luca/ur_ws/src/install/ur5e_2fg7/share/ur5e_2fg7/package.xml
[0.053s] Invoked command in '/home/luca/ur_ws/src/build/ur5e_2fg7' returned '0': AMENT_PREFIX_PATH=/home/luca/ur_ws/src/install/ur_description:/home/luca/ur_ws/src/install/onrobot_2fg7_description:${AMENT_PREFIX_PATH} CMAKE_PREFIX_PATH=/home/luca/ur_ws/src/install/ur_description:/home/luca/ur_ws/src/install/onrobot_2fg7_description:/home/luca/ur_ws/install/ur:/home/luca/ur_ws/install/ur_calibration:/home/luca/ur_ws/install/ur_robot_driver:/home/luca/ur_ws/install/ur_moveit_config:/home/luca/ur_ws/install/ur5e_2fg7_moveit_config:/home/luca/ur_ws/install/ur5e_2fg7:/home/luca/ur_ws/install/ur_description:/home/luca/ur_ws/install/ur_controllers:/home/luca/ur_ws/install/ur_dashboard_msgs:/home/luca/ur_ws/install/ur_client_library:/home/luca/ur_ws/install/ur5e_demo:/home/luca/ur_ws/install/onrobot_2fg7_description:/home/luca/ur_ws/install/moveit_resources:/home/luca/ur_ws/install/moveit_resources_pr2_description:/home/luca/ur_ws/install/moveit_resources_panda_moveit_config:/home/luca/ur_ws/install/moveit_resources_panda_description:/home/luca/ur_ws/install/moveit_resources_fanuc_moveit_config:/home/luca/ur_ws/install/moveit_resources_fanuc_description:/home/luca/ur_ws/install/moveit_planning:/home/luca/ur_ws/install/create_scene:/opt/ros/humble /usr/bin/cmake --install /home/luca/ur_ws/src/build/ur5e_2fg7
