[0.009s] Invoking command in '/home/luca/ur_ws/src/build/ur5e_2fg7_moveit_config': AMENT_PREFIX_PATH=/home/luca/ur_ws/src/install/ur5e_2fg7:/home/luca/ur_ws/src/install/ur_description:/home/luca/ur_ws/src/install/onrobot_2fg7_description:${AMENT_PREFIX_PATH} CMAKE_PREFIX_PATH=/home/luca/ur_ws/src/install/ur5e_2fg7:/home/luca/ur_ws/src/install/ur_description:/home/luca/ur_ws/src/install/onrobot_2fg7_description:/home/luca/ur_ws/install/ur:/home/luca/ur_ws/install/ur_calibration:/home/luca/ur_ws/install/ur_robot_driver:/home/luca/ur_ws/install/ur_moveit_config:/home/luca/ur_ws/install/ur5e_2fg7_moveit_config:/home/luca/ur_ws/install/ur5e_2fg7:/home/luca/ur_ws/install/ur_description:/home/luca/ur_ws/install/ur_controllers:/home/luca/ur_ws/install/ur_dashboard_msgs:/home/luca/ur_ws/install/ur_client_library:/home/luca/ur_ws/install/ur5e_demo:/home/luca/ur_ws/install/onrobot_2fg7_description:/home/luca/ur_ws/install/moveit_resources:/home/luca/ur_ws/install/moveit_resources_pr2_description:/home/luca/ur_ws/install/moveit_resources_panda_moveit_config:/home/luca/ur_ws/install/moveit_resources_panda_description:/home/luca/ur_ws/install/moveit_resources_fanuc_moveit_config:/home/luca/ur_ws/install/moveit_resources_fanuc_description:/home/luca/ur_ws/install/moveit_planning:/home/luca/ur_ws/install/create_scene:/opt/ros/humble /usr/bin/cmake /home/luca/ur_ws/src/ur5e_2fg7_moveit_config -DAMENT_CMAKE_SYMLINK_INSTALL=1 -DCMAKE_INSTALL_PREFIX=/home/luca/ur_ws/src/install/ur5e_2fg7_moveit_config
[0.053s] -- The C compiler identification is GNU 11.4.0
[0.093s] -- The CXX compiler identification is GNU 11.4.0
[0.098s] -- Detecting C compiler ABI info
[0.149s] -- Detecting C compiler ABI info - done
[0.154s] -- Check for working C compiler: /usr/bin/cc - skipped
[0.154s] -- Detecting C compile features
[0.155s] -- Detecting C compile features - done
[0.157s] -- Detecting CXX compiler ABI info
[0.214s] -- Detecting CXX compiler ABI info - done
[0.219s] -- Check for working CXX compiler: /usr/bin/c++ - skipped
[0.219s] -- Detecting CXX compile features
[0.220s] -- Detecting CXX compile features - done
[0.222s] -- Found ament_cmake: 1.3.14 (/opt/ros/humble/share/ament_cmake/cmake)
[0.337s] -- Found Python3: /usr/bin/python3 (found version "3.10.12") found components: Interpreter 
[0.383s] -- Override CMake install command with custom implementation using symlinks instead of copying resources
[0.452s] -- Configuring done
[0.454s] -- Generating done
[0.455s] -- Build files have been written to: /home/luca/ur_ws/src/build/ur5e_2fg7_moveit_config
[0.458s] Invoked command in '/home/luca/ur_ws/src/build/ur5e_2fg7_moveit_config' returned '0': AMENT_PREFIX_PATH=/home/luca/ur_ws/src/install/ur5e_2fg7:/home/luca/ur_ws/src/install/ur_description:/home/luca/ur_ws/src/install/onrobot_2fg7_description:${AMENT_PREFIX_PATH} CMAKE_PREFIX_PATH=/home/luca/ur_ws/src/install/ur5e_2fg7:/home/luca/ur_ws/src/install/ur_description:/home/luca/ur_ws/src/install/onrobot_2fg7_description:/home/luca/ur_ws/install/ur:/home/luca/ur_ws/install/ur_calibration:/home/luca/ur_ws/install/ur_robot_driver:/home/luca/ur_ws/install/ur_moveit_config:/home/luca/ur_ws/install/ur5e_2fg7_moveit_config:/home/luca/ur_ws/install/ur5e_2fg7:/home/luca/ur_ws/install/ur_description:/home/luca/ur_ws/install/ur_controllers:/home/luca/ur_ws/install/ur_dashboard_msgs:/home/luca/ur_ws/install/ur_client_library:/home/luca/ur_ws/install/ur5e_demo:/home/luca/ur_ws/install/onrobot_2fg7_description:/home/luca/ur_ws/install/moveit_resources:/home/luca/ur_ws/install/moveit_resources_pr2_description:/home/luca/ur_ws/install/moveit_resources_panda_moveit_config:/home/luca/ur_ws/install/moveit_resources_panda_description:/home/luca/ur_ws/install/moveit_resources_fanuc_moveit_config:/home/luca/ur_ws/install/moveit_resources_fanuc_description:/home/luca/ur_ws/install/moveit_planning:/home/luca/ur_ws/install/create_scene:/opt/ros/humble /usr/bin/cmake /home/luca/ur_ws/src/ur5e_2fg7_moveit_config -DAMENT_CMAKE_SYMLINK_INSTALL=1 -DCMAKE_INSTALL_PREFIX=/home/luca/ur_ws/src/install/ur5e_2fg7_moveit_config
[0.459s] Invoking command in '/home/luca/ur_ws/src/build/ur5e_2fg7_moveit_config': AMENT_PREFIX_PATH=/home/luca/ur_ws/src/install/ur5e_2fg7:/home/luca/ur_ws/src/install/ur_description:/home/luca/ur_ws/src/install/onrobot_2fg7_description:${AMENT_PREFIX_PATH} CMAKE_PREFIX_PATH=/home/luca/ur_ws/src/install/ur5e_2fg7:/home/luca/ur_ws/src/install/ur_description:/home/luca/ur_ws/src/install/onrobot_2fg7_description:/home/luca/ur_ws/install/ur:/home/luca/ur_ws/install/ur_calibration:/home/luca/ur_ws/install/ur_robot_driver:/home/luca/ur_ws/install/ur_moveit_config:/home/luca/ur_ws/install/ur5e_2fg7_moveit_config:/home/luca/ur_ws/install/ur5e_2fg7:/home/luca/ur_ws/install/ur_description:/home/luca/ur_ws/install/ur_controllers:/home/luca/ur_ws/install/ur_dashboard_msgs:/home/luca/ur_ws/install/ur_client_library:/home/luca/ur_ws/install/ur5e_demo:/home/luca/ur_ws/install/onrobot_2fg7_description:/home/luca/ur_ws/install/moveit_resources:/home/luca/ur_ws/install/moveit_resources_pr2_description:/home/luca/ur_ws/install/moveit_resources_panda_moveit_config:/home/luca/ur_ws/install/moveit_resources_panda_description:/home/luca/ur_ws/install/moveit_resources_fanuc_moveit_config:/home/luca/ur_ws/install/moveit_resources_fanuc_description:/home/luca/ur_ws/install/moveit_planning:/home/luca/ur_ws/install/create_scene:/opt/ros/humble /usr/bin/cmake --build /home/luca/ur_ws/src/build/ur5e_2fg7_moveit_config -- -j8 -l8
[0.485s] Invoked command in '/home/luca/ur_ws/src/build/ur5e_2fg7_moveit_config' returned '0': AMENT_PREFIX_PATH=/home/luca/ur_ws/src/install/ur5e_2fg7:/home/luca/ur_ws/src/install/ur_description:/home/luca/ur_ws/src/install/onrobot_2fg7_description:${AMENT_PREFIX_PATH} CMAKE_PREFIX_PATH=/home/luca/ur_ws/src/install/ur5e_2fg7:/home/luca/ur_ws/src/install/ur_description:/home/luca/ur_ws/src/install/onrobot_2fg7_description:/home/luca/ur_ws/install/ur:/home/luca/ur_ws/install/ur_calibration:/home/luca/ur_ws/install/ur_robot_driver:/home/luca/ur_ws/install/ur_moveit_config:/home/luca/ur_ws/install/ur5e_2fg7_moveit_config:/home/luca/ur_ws/install/ur5e_2fg7:/home/luca/ur_ws/install/ur_description:/home/luca/ur_ws/install/ur_controllers:/home/luca/ur_ws/install/ur_dashboard_msgs:/home/luca/ur_ws/install/ur_client_library:/home/luca/ur_ws/install/ur5e_demo:/home/luca/ur_ws/install/onrobot_2fg7_description:/home/luca/ur_ws/install/moveit_resources:/home/luca/ur_ws/install/moveit_resources_pr2_description:/home/luca/ur_ws/install/moveit_resources_panda_moveit_config:/home/luca/ur_ws/install/moveit_resources_panda_description:/home/luca/ur_ws/install/moveit_resources_fanuc_moveit_config:/home/luca/ur_ws/install/moveit_resources_fanuc_description:/home/luca/ur_ws/install/moveit_planning:/home/luca/ur_ws/install/create_scene:/opt/ros/humble /usr/bin/cmake --build /home/luca/ur_ws/src/build/ur5e_2fg7_moveit_config -- -j8 -l8
[0.487s] Invoking command in '/home/luca/ur_ws/src/build/ur5e_2fg7_moveit_config': AMENT_PREFIX_PATH=/home/luca/ur_ws/src/install/ur5e_2fg7:/home/luca/ur_ws/src/install/ur_description:/home/luca/ur_ws/src/install/onrobot_2fg7_description:${AMENT_PREFIX_PATH} CMAKE_PREFIX_PATH=/home/luca/ur_ws/src/install/ur5e_2fg7:/home/luca/ur_ws/src/install/ur_description:/home/luca/ur_ws/src/install/onrobot_2fg7_description:/home/luca/ur_ws/install/ur:/home/luca/ur_ws/install/ur_calibration:/home/luca/ur_ws/install/ur_robot_driver:/home/luca/ur_ws/install/ur_moveit_config:/home/luca/ur_ws/install/ur5e_2fg7_moveit_config:/home/luca/ur_ws/install/ur5e_2fg7:/home/luca/ur_ws/install/ur_description:/home/luca/ur_ws/install/ur_controllers:/home/luca/ur_ws/install/ur_dashboard_msgs:/home/luca/ur_ws/install/ur_client_library:/home/luca/ur_ws/install/ur5e_demo:/home/luca/ur_ws/install/onrobot_2fg7_description:/home/luca/ur_ws/install/moveit_resources:/home/luca/ur_ws/install/moveit_resources_pr2_description:/home/luca/ur_ws/install/moveit_resources_panda_moveit_config:/home/luca/ur_ws/install/moveit_resources_panda_description:/home/luca/ur_ws/install/moveit_resources_fanuc_moveit_config:/home/luca/ur_ws/install/moveit_resources_fanuc_description:/home/luca/ur_ws/install/moveit_planning:/home/luca/ur_ws/install/create_scene:/opt/ros/humble /usr/bin/cmake --install /home/luca/ur_ws/src/build/ur5e_2fg7_moveit_config
[0.492s] -- Install configuration: ""
[0.492s] -- Execute custom install script
[0.492s] -- Symlinking: /home/luca/ur_ws/src/install/ur5e_2fg7_moveit_config/share/ament_index/resource_index/package_run_dependencies/ur5e_2fg7_moveit_config
[0.499s] -- Symlinking: /home/luca/ur_ws/src/install/ur5e_2fg7_moveit_config/share/ament_index/resource_index/parent_prefix_path/ur5e_2fg7_moveit_config
[0.505s] -- Symlinking: /home/luca/ur_ws/src/install/ur5e_2fg7_moveit_config/share/ur5e_2fg7_moveit_config/environment/ament_prefix_path.sh
[0.511s] -- Symlinking: /home/luca/ur_ws/src/install/ur5e_2fg7_moveit_config/share/ur5e_2fg7_moveit_config/environment/ament_prefix_path.dsv
[0.517s] -- Symlinking: /home/luca/ur_ws/src/install/ur5e_2fg7_moveit_config/share/ur5e_2fg7_moveit_config/environment/path.sh
[0.523s] -- Symlinking: /home/luca/ur_ws/src/install/ur5e_2fg7_moveit_config/share/ur5e_2fg7_moveit_config/environment/path.dsv
[0.529s] -- Symlinking: /home/luca/ur_ws/src/install/ur5e_2fg7_moveit_config/share/ur5e_2fg7_moveit_config/local_setup.bash
[0.535s] -- Symlinking: /home/luca/ur_ws/src/install/ur5e_2fg7_moveit_config/share/ur5e_2fg7_moveit_config/local_setup.sh
[0.542s] -- Symlinking: /home/luca/ur_ws/src/install/ur5e_2fg7_moveit_config/share/ur5e_2fg7_moveit_config/local_setup.zsh
[0.547s] -- Symlinking: /home/luca/ur_ws/src/install/ur5e_2fg7_moveit_config/share/ur5e_2fg7_moveit_config/local_setup.dsv
[0.553s] -- Symlinking: /home/luca/ur_ws/src/install/ur5e_2fg7_moveit_config/share/ur5e_2fg7_moveit_config/package.dsv
[0.559s] -- Symlinking: /home/luca/ur_ws/src/install/ur5e_2fg7_moveit_config/share/ament_index/resource_index/packages/ur5e_2fg7_moveit_config
[0.565s] -- Symlinking: /home/luca/ur_ws/src/install/ur5e_2fg7_moveit_config/share/ur5e_2fg7_moveit_config/cmake/ur5e_2fg7_moveit_configConfig.cmake
[0.571s] -- Symlinking: /home/luca/ur_ws/src/install/ur5e_2fg7_moveit_config/share/ur5e_2fg7_moveit_config/cmake/ur5e_2fg7_moveit_configConfig-version.cmake
[0.577s] -- Symlinking: /home/luca/ur_ws/src/install/ur5e_2fg7_moveit_config/share/ur5e_2fg7_moveit_config/package.xml
[0.583s] -- Symlinking: /home/luca/ur_ws/src/install/ur5e_2fg7_moveit_config/share/ur5e_2fg7_moveit_config/launch/demo.launch.py
[0.589s] -- Symlinking: /home/luca/ur_ws/src/install/ur5e_2fg7_moveit_config/share/ur5e_2fg7_moveit_config/launch/move_group.launch.py
[0.595s] -- Symlinking: /home/luca/ur_ws/src/install/ur5e_2fg7_moveit_config/share/ur5e_2fg7_moveit_config/launch/moveit_rviz.launch.py
[0.601s] -- Symlinking: /home/luca/ur_ws/src/install/ur5e_2fg7_moveit_config/share/ur5e_2fg7_moveit_config/launch/rsp.launch.py
[0.610s] -- Symlinking: /home/luca/ur_ws/src/install/ur5e_2fg7_moveit_config/share/ur5e_2fg7_moveit_config/launch/setup_assistant.launch.py
[0.616s] -- Symlinking: /home/luca/ur_ws/src/install/ur5e_2fg7_moveit_config/share/ur5e_2fg7_moveit_config/launch/spawn_controllers.launch.py
[0.622s] -- Symlinking: /home/luca/ur_ws/src/install/ur5e_2fg7_moveit_config/share/ur5e_2fg7_moveit_config/launch/static_virtual_joint_tfs.launch.py
[0.628s] -- Symlinking: /home/luca/ur_ws/src/install/ur5e_2fg7_moveit_config/share/ur5e_2fg7_moveit_config/launch/warehouse_db.launch.py
[0.634s] -- Symlinking: /home/luca/ur_ws/src/install/ur5e_2fg7_moveit_config/share/ur5e_2fg7_moveit_config/config/initial_positions.yaml
[0.641s] -- Symlinking: /home/luca/ur_ws/src/install/ur5e_2fg7_moveit_config/share/ur5e_2fg7_moveit_config/config/joint_limits.yaml
[0.647s] -- Symlinking: /home/luca/ur_ws/src/install/ur5e_2fg7_moveit_config/share/ur5e_2fg7_moveit_config/config/kinematics.yaml
[0.653s] -- Symlinking: /home/luca/ur_ws/src/install/ur5e_2fg7_moveit_config/share/ur5e_2fg7_moveit_config/config/moveit.rviz
[0.659s] -- Symlinking: /home/luca/ur_ws/src/install/ur5e_2fg7_moveit_config/share/ur5e_2fg7_moveit_config/config/pilz_cartesian_limits.yaml
[0.665s] -- Symlinking: /home/luca/ur_ws/src/install/ur5e_2fg7_moveit_config/share/ur5e_2fg7_moveit_config/config/ros2_controllers.yaml
[0.671s] -- Symlinking: /home/luca/ur_ws/src/install/ur5e_2fg7_moveit_config/share/ur5e_2fg7_moveit_config/config/ur5e_con_2fg7.ros2_control.xacro
[0.676s] -- Symlinking: /home/luca/ur_ws/src/install/ur5e_2fg7_moveit_config/share/ur5e_2fg7_moveit_config/config/ur5e_con_2fg7.srdf
[0.682s] -- Symlinking: /home/luca/ur_ws/src/install/ur5e_2fg7_moveit_config/share/ur5e_2fg7_moveit_config/config/ur5e_con_2fg7.urdf.xacro
[0.689s] -- Symlinking: /home/luca/ur_ws/src/install/ur5e_2fg7_moveit_config/share/ur5e_2fg7_moveit_config/.setup_assistant
[0.697s] Invoked command in '/home/luca/ur_ws/src/build/ur5e_2fg7_moveit_config' returned '0': AMENT_PREFIX_PATH=/home/luca/ur_ws/src/install/ur5e_2fg7:/home/luca/ur_ws/src/install/ur_description:/home/luca/ur_ws/src/install/onrobot_2fg7_description:${AMENT_PREFIX_PATH} CMAKE_PREFIX_PATH=/home/luca/ur_ws/src/install/ur5e_2fg7:/home/luca/ur_ws/src/install/ur_description:/home/luca/ur_ws/src/install/onrobot_2fg7_description:/home/luca/ur_ws/install/ur:/home/luca/ur_ws/install/ur_calibration:/home/luca/ur_ws/install/ur_robot_driver:/home/luca/ur_ws/install/ur_moveit_config:/home/luca/ur_ws/install/ur5e_2fg7_moveit_config:/home/luca/ur_ws/install/ur5e_2fg7:/home/luca/ur_ws/install/ur_description:/home/luca/ur_ws/install/ur_controllers:/home/luca/ur_ws/install/ur_dashboard_msgs:/home/luca/ur_ws/install/ur_client_library:/home/luca/ur_ws/install/ur5e_demo:/home/luca/ur_ws/install/onrobot_2fg7_description:/home/luca/ur_ws/install/moveit_resources:/home/luca/ur_ws/install/moveit_resources_pr2_description:/home/luca/ur_ws/install/moveit_resources_panda_moveit_config:/home/luca/ur_ws/install/moveit_resources_panda_description:/home/luca/ur_ws/install/moveit_resources_fanuc_moveit_config:/home/luca/ur_ws/install/moveit_resources_fanuc_description:/home/luca/ur_ws/install/moveit_planning:/home/luca/ur_ws/install/create_scene:/opt/ros/humble /usr/bin/cmake --install /home/luca/ur_ws/src/build/ur5e_2fg7_moveit_config
