[0.013s] Invoking command in '/home/luca/ur_ws/src/build/onrobot_2fg7_description': CMAKE_PREFIX_PATH=${CMAKE_PREFIX_PATH}:/opt/ros/humble /usr/bin/cmake /home/luca/ur_ws/src/onrobot_2fg7_description -DAMENT_CMAKE_SYMLINK_INSTALL=1 -DCMAKE_INSTALL_PREFIX=/home/luca/ur_ws/src/install/onrobot_2fg7_description
[0.057s] -- The C compiler identification is GNU 11.4.0
[0.099s] -- The CXX compiler identification is GNU 11.4.0
[0.106s] -- Detecting C compiler ABI info
[0.160s] -- Detecting C compiler ABI info - done
[0.166s] -- Check for working C compiler: /usr/bin/cc - skipped
[0.166s] -- Detecting C compile features
[0.167s] -- Detecting C compile features - done
[0.169s] -- Detecting CXX compiler ABI info
[0.227s] -- Detecting CXX compiler ABI info - done
[0.238s] -- Check for working CXX compiler: /usr/bin/c++ - skipped
[0.239s] -- Detecting CXX compile features
[0.239s] -- Detecting CXX compile features - done
[0.242s] -- Found ament_cmake: 1.3.14 (/opt/ros/humble/share/ament_cmake/cmake)
[0.364s] -- Found Python3: /usr/bin/python3 (found version "3.10.12") found components: Interpreter 
[0.413s] -- Override CMake install command with custom implementation using symlinks instead of copying resources
[0.439s] -- Found ament_lint_auto: 0.12.15 (/opt/ros/humble/share/ament_lint_auto/cmake)
[0.502s] -- Added test 'copyright' to check source files copyright and LICENSE
[0.504s] -- Added test 'flake8' to check Python code syntax and style conventions
[0.504s] -- Added test 'lint_cmake' to check CMake code style
[0.505s] -- Added test 'pep257' to check Python code against some of the docstring style conventions in PEP 257
[0.506s] -- Added test 'xmllint' to check XML markup files
[0.507s] -- Configuring done
[0.510s] -- Generating done
[0.511s] -- Build files have been written to: /home/luca/ur_ws/src/build/onrobot_2fg7_description
[0.515s] Invoked command in '/home/luca/ur_ws/src/build/onrobot_2fg7_description' returned '0': CMAKE_PREFIX_PATH=${CMAKE_PREFIX_PATH}:/opt/ros/humble /usr/bin/cmake /home/luca/ur_ws/src/onrobot_2fg7_description -DAMENT_CMAKE_SYMLINK_INSTALL=1 -DCMAKE_INSTALL_PREFIX=/home/luca/ur_ws/src/install/onrobot_2fg7_description
[0.516s] Invoking command in '/home/luca/ur_ws/src/build/onrobot_2fg7_description': CMAKE_PREFIX_PATH=${CMAKE_PREFIX_PATH}:/opt/ros/humble /usr/bin/cmake --build /home/luca/ur_ws/src/build/onrobot_2fg7_description -- -j8 -l8
[0.545s] Invoked command in '/home/luca/ur_ws/src/build/onrobot_2fg7_description' returned '0': CMAKE_PREFIX_PATH=${CMAKE_PREFIX_PATH}:/opt/ros/humble /usr/bin/cmake --build /home/luca/ur_ws/src/build/onrobot_2fg7_description -- -j8 -l8
[0.552s] Invoking command in '/home/luca/ur_ws/src/build/onrobot_2fg7_description': CMAKE_PREFIX_PATH=${CMAKE_PREFIX_PATH}:/opt/ros/humble /usr/bin/cmake --install /home/luca/ur_ws/src/build/onrobot_2fg7_description
[0.556s] -- Install configuration: ""
[0.557s] -- Execute custom install script
[0.557s] -- Symlinking: /home/luca/ur_ws/src/install/onrobot_2fg7_description/share/onrobot_2fg7_description/config/onrobot_2fg7_config.rviz
[0.563s] -- Symlinking: /home/luca/ur_ws/src/install/onrobot_2fg7_description/share/onrobot_2fg7_description/urdf/materials.xacro
[0.569s] -- Symlinking: /home/luca/ur_ws/src/install/onrobot_2fg7_description/share/onrobot_2fg7_description/urdf/onrobot_2fg7.urdf.xacro
[0.575s] -- Symlinking: /home/luca/ur_ws/src/install/onrobot_2fg7_description/share/onrobot_2fg7_description/urdf/onrobot_2fg7.xacro
[0.581s] -- Symlinking: /home/luca/ur_ws/src/install/onrobot_2fg7_description/share/onrobot_2fg7_description/launch/rviz.launch.py
[0.587s] -- Symlinking: /home/luca/ur_ws/src/install/onrobot_2fg7_description/share/onrobot_2fg7_description/meshes/base_link.stl
[0.593s] -- Symlinking: /home/luca/ur_ws/src/install/onrobot_2fg7_description/share/onrobot_2fg7_description/meshes/finger_link.stl
[0.599s] -- Symlinking: /home/luca/ur_ws/src/install/onrobot_2fg7_description/share/onrobot_2fg7_description/ros2_control/onrobot_2fg7.ros2_control.xacro
[0.606s] -- Symlinking: /home/luca/ur_ws/src/install/onrobot_2fg7_description/share/ament_index/resource_index/package_run_dependencies/onrobot_2fg7_description
[0.612s] -- Symlinking: /home/luca/ur_ws/src/install/onrobot_2fg7_description/share/ament_index/resource_index/parent_prefix_path/onrobot_2fg7_description
[0.618s] -- Symlinking: /home/luca/ur_ws/src/install/onrobot_2fg7_description/share/onrobot_2fg7_description/environment/ament_prefix_path.sh
[0.624s] -- Symlinking: /home/luca/ur_ws/src/install/onrobot_2fg7_description/share/onrobot_2fg7_description/environment/ament_prefix_path.dsv
[0.631s] -- Symlinking: /home/luca/ur_ws/src/install/onrobot_2fg7_description/share/onrobot_2fg7_description/environment/path.sh
[0.638s] -- Symlinking: /home/luca/ur_ws/src/install/onrobot_2fg7_description/share/onrobot_2fg7_description/environment/path.dsv
[0.646s] -- Symlinking: /home/luca/ur_ws/src/install/onrobot_2fg7_description/share/onrobot_2fg7_description/local_setup.bash
[0.652s] -- Symlinking: /home/luca/ur_ws/src/install/onrobot_2fg7_description/share/onrobot_2fg7_description/local_setup.sh
[0.659s] -- Symlinking: /home/luca/ur_ws/src/install/onrobot_2fg7_description/share/onrobot_2fg7_description/local_setup.zsh
[0.665s] -- Symlinking: /home/luca/ur_ws/src/install/onrobot_2fg7_description/share/onrobot_2fg7_description/local_setup.dsv
[0.672s] -- Symlinking: /home/luca/ur_ws/src/install/onrobot_2fg7_description/share/onrobot_2fg7_description/package.dsv
[0.678s] -- Symlinking: /home/luca/ur_ws/src/install/onrobot_2fg7_description/share/ament_index/resource_index/packages/onrobot_2fg7_description
[0.685s] -- Symlinking: /home/luca/ur_ws/src/install/onrobot_2fg7_description/share/onrobot_2fg7_description/cmake/onrobot_2fg7_descriptionConfig.cmake
[0.691s] -- Symlinking: /home/luca/ur_ws/src/install/onrobot_2fg7_description/share/onrobot_2fg7_description/cmake/onrobot_2fg7_descriptionConfig-version.cmake
[0.698s] -- Symlinking: /home/luca/ur_ws/src/install/onrobot_2fg7_description/share/onrobot_2fg7_description/package.xml
[0.705s] Invoked command in '/home/luca/ur_ws/src/build/onrobot_2fg7_description' returned '0': CMAKE_PREFIX_PATH=${CMAKE_PREFIX_PATH}:/opt/ros/humble /usr/bin/cmake --install /home/luca/ur_ws/src/build/onrobot_2fg7_description
