[0.007s] Invoking command in '/home/luca/ur_ws/src/build/ur5e_2fg7': AMENT_PREFIX_PATH=/home/luca/ur_ws/src/install/ur_description:/home/luca/ur_ws/src/install/onrobot_2fg7_description:${AMENT_PREFIX_PATH} CMAKE_PREFIX_PATH=/home/luca/ur_ws/src/install/ur_description:/home/luca/ur_ws/src/install/onrobot_2fg7_description:/home/luca/ur_ws/install/ur:/home/luca/ur_ws/install/ur_calibration:/home/luca/ur_ws/install/ur_robot_driver:/home/luca/ur_ws/install/ur_moveit_config:/home/luca/ur_ws/install/ur5e_2fg7_moveit_config:/home/luca/ur_ws/install/ur5e_2fg7:/home/luca/ur_ws/install/ur_description:/home/luca/ur_ws/install/ur_controllers:/home/luca/ur_ws/install/ur_dashboard_msgs:/home/luca/ur_ws/install/ur_client_library:/home/luca/ur_ws/install/ur5e_demo:/home/luca/ur_ws/install/onrobot_2fg7_description:/home/luca/ur_ws/install/moveit_resources:/home/luca/ur_ws/install/moveit_resources_pr2_description:/home/luca/ur_ws/install/moveit_resources_panda_moveit_config:/home/luca/ur_ws/install/moveit_resources_panda_description:/home/luca/ur_ws/install/moveit_resources_fanuc_moveit_config:/home/luca/ur_ws/install/moveit_resources_fanuc_description:/home/luca/ur_ws/install/moveit_planning:/home/luca/ur_ws/install/create_scene:/opt/ros/humble /usr/bin/cmake /home/luca/ur_ws/src/ur5e_2fg7 -DAMENT_CMAKE_SYMLINK_INSTALL=1 -DCMAKE_INSTALL_PREFIX=/home/luca/ur_ws/src/install/ur5e_2fg7
[0.047s] -- The C compiler identification is GNU 11.4.0
[0.087s] -- The CXX compiler identification is GNU 11.4.0
[0.093s] -- Detecting C compiler ABI info
[0.147s] -- Detecting C compiler ABI info - done
[0.152s] -- Check for working C compiler: /usr/bin/cc - skipped
[0.152s] -- Detecting C compile features
[0.153s] -- Detecting C compile features - done
[0.155s] -- Detecting CXX compiler ABI info
[0.211s] -- Detecting CXX compiler ABI info - done
[0.217s] -- Check for working CXX compiler: /usr/bin/c++ - skipped
[0.217s] -- Detecting CXX compile features
[0.218s] -- Detecting CXX compile features - done
[0.220s] -- Found ament_cmake: 1.3.14 (/opt/ros/humble/share/ament_cmake/cmake)
[0.332s] -- Found Python3: /usr/bin/python3 (found version "3.10.12") found components: Interpreter 
[0.377s] -- Override CMake install command with custom implementation using symlinks instead of copying resources
[0.400s] -- Found ament_lint_auto: 0.12.15 (/opt/ros/humble/share/ament_lint_auto/cmake)
[0.458s] -- Added test 'flake8' to check Python code syntax and style conventions
[0.458s] -- Added test 'lint_cmake' to check CMake code style
[0.459s] -- Added test 'pep257' to check Python code against some of the docstring style conventions in PEP 257
[0.460s] -- Added test 'xmllint' to check XML markup files
[0.461s] -- Configuring done
[0.463s] -- Generating done
[0.464s] -- Build files have been written to: /home/luca/ur_ws/src/build/ur5e_2fg7
[0.468s] Invoked command in '/home/luca/ur_ws/src/build/ur5e_2fg7' returned '0': AMENT_PREFIX_PATH=/home/luca/ur_ws/src/install/ur_description:/home/luca/ur_ws/src/install/onrobot_2fg7_description:${AMENT_PREFIX_PATH} CMAKE_PREFIX_PATH=/home/luca/ur_ws/src/install/ur_description:/home/luca/ur_ws/src/install/onrobot_2fg7_description:/home/luca/ur_ws/install/ur:/home/luca/ur_ws/install/ur_calibration:/home/luca/ur_ws/install/ur_robot_driver:/home/luca/ur_ws/install/ur_moveit_config:/home/luca/ur_ws/install/ur5e_2fg7_moveit_config:/home/luca/ur_ws/install/ur5e_2fg7:/home/luca/ur_ws/install/ur_description:/home/luca/ur_ws/install/ur_controllers:/home/luca/ur_ws/install/ur_dashboard_msgs:/home/luca/ur_ws/install/ur_client_library:/home/luca/ur_ws/install/ur5e_demo:/home/luca/ur_ws/install/onrobot_2fg7_description:/home/luca/ur_ws/install/moveit_resources:/home/luca/ur_ws/install/moveit_resources_pr2_description:/home/luca/ur_ws/install/moveit_resources_panda_moveit_config:/home/luca/ur_ws/install/moveit_resources_panda_description:/home/luca/ur_ws/install/moveit_resources_fanuc_moveit_config:/home/luca/ur_ws/install/moveit_resources_fanuc_description:/home/luca/ur_ws/install/moveit_planning:/home/luca/ur_ws/install/create_scene:/opt/ros/humble /usr/bin/cmake /home/luca/ur_ws/src/ur5e_2fg7 -DAMENT_CMAKE_SYMLINK_INSTALL=1 -DCMAKE_INSTALL_PREFIX=/home/luca/ur_ws/src/install/ur5e_2fg7
[0.469s] Invoking command in '/home/luca/ur_ws/src/build/ur5e_2fg7': AMENT_PREFIX_PATH=/home/luca/ur_ws/src/install/ur_description:/home/luca/ur_ws/src/install/onrobot_2fg7_description:${AMENT_PREFIX_PATH} CMAKE_PREFIX_PATH=/home/luca/ur_ws/src/install/ur_description:/home/luca/ur_ws/src/install/onrobot_2fg7_description:/home/luca/ur_ws/install/ur:/home/luca/ur_ws/install/ur_calibration:/home/luca/ur_ws/install/ur_robot_driver:/home/luca/ur_ws/install/ur_moveit_config:/home/luca/ur_ws/install/ur5e_2fg7_moveit_config:/home/luca/ur_ws/install/ur5e_2fg7:/home/luca/ur_ws/install/ur_description:/home/luca/ur_ws/install/ur_controllers:/home/luca/ur_ws/install/ur_dashboard_msgs:/home/luca/ur_ws/install/ur_client_library:/home/luca/ur_ws/install/ur5e_demo:/home/luca/ur_ws/install/onrobot_2fg7_description:/home/luca/ur_ws/install/moveit_resources:/home/luca/ur_ws/install/moveit_resources_pr2_description:/home/luca/ur_ws/install/moveit_resources_panda_moveit_config:/home/luca/ur_ws/install/moveit_resources_panda_description:/home/luca/ur_ws/install/moveit_resources_fanuc_moveit_config:/home/luca/ur_ws/install/moveit_resources_fanuc_description:/home/luca/ur_ws/install/moveit_planning:/home/luca/ur_ws/install/create_scene:/opt/ros/humble /usr/bin/cmake --build /home/luca/ur_ws/src/build/ur5e_2fg7 -- -j8 -l8
[0.495s] Invoked command in '/home/luca/ur_ws/src/build/ur5e_2fg7' returned '0': AMENT_PREFIX_PATH=/home/luca/ur_ws/src/install/ur_description:/home/luca/ur_ws/src/install/onrobot_2fg7_description:${AMENT_PREFIX_PATH} CMAKE_PREFIX_PATH=/home/luca/ur_ws/src/install/ur_description:/home/luca/ur_ws/src/install/onrobot_2fg7_description:/home/luca/ur_ws/install/ur:/home/luca/ur_ws/install/ur_calibration:/home/luca/ur_ws/install/ur_robot_driver:/home/luca/ur_ws/install/ur_moveit_config:/home/luca/ur_ws/install/ur5e_2fg7_moveit_config:/home/luca/ur_ws/install/ur5e_2fg7:/home/luca/ur_ws/install/ur_description:/home/luca/ur_ws/install/ur_controllers:/home/luca/ur_ws/install/ur_dashboard_msgs:/home/luca/ur_ws/install/ur_client_library:/home/luca/ur_ws/install/ur5e_demo:/home/luca/ur_ws/install/onrobot_2fg7_description:/home/luca/ur_ws/install/moveit_resources:/home/luca/ur_ws/install/moveit_resources_pr2_description:/home/luca/ur_ws/install/moveit_resources_panda_moveit_config:/home/luca/ur_ws/install/moveit_resources_panda_description:/home/luca/ur_ws/install/moveit_resources_fanuc_moveit_config:/home/luca/ur_ws/install/moveit_resources_fanuc_description:/home/luca/ur_ws/install/moveit_planning:/home/luca/ur_ws/install/create_scene:/opt/ros/humble /usr/bin/cmake --build /home/luca/ur_ws/src/build/ur5e_2fg7 -- -j8 -l8
[0.496s] Invoking command in '/home/luca/ur_ws/src/build/ur5e_2fg7': AMENT_PREFIX_PATH=/home/luca/ur_ws/src/install/ur_description:/home/luca/ur_ws/src/install/onrobot_2fg7_description:${AMENT_PREFIX_PATH} CMAKE_PREFIX_PATH=/home/luca/ur_ws/src/install/ur_description:/home/luca/ur_ws/src/install/onrobot_2fg7_description:/home/luca/ur_ws/install/ur:/home/luca/ur_ws/install/ur_calibration:/home/luca/ur_ws/install/ur_robot_driver:/home/luca/ur_ws/install/ur_moveit_config:/home/luca/ur_ws/install/ur5e_2fg7_moveit_config:/home/luca/ur_ws/install/ur5e_2fg7:/home/luca/ur_ws/install/ur_description:/home/luca/ur_ws/install/ur_controllers:/home/luca/ur_ws/install/ur_dashboard_msgs:/home/luca/ur_ws/install/ur_client_library:/home/luca/ur_ws/install/ur5e_demo:/home/luca/ur_ws/install/onrobot_2fg7_description:/home/luca/ur_ws/install/moveit_resources:/home/luca/ur_ws/install/moveit_resources_pr2_description:/home/luca/ur_ws/install/moveit_resources_panda_moveit_config:/home/luca/ur_ws/install/moveit_resources_panda_description:/home/luca/ur_ws/install/moveit_resources_fanuc_moveit_config:/home/luca/ur_ws/install/moveit_resources_fanuc_description:/home/luca/ur_ws/install/moveit_planning:/home/luca/ur_ws/install/create_scene:/opt/ros/humble /usr/bin/cmake --install /home/luca/ur_ws/src/build/ur5e_2fg7
[0.501s] -- Install configuration: ""
[0.502s] -- Execute custom install script
[0.502s] -- Symlinking: /home/luca/ur_ws/src/install/ur5e_2fg7/share/ur5e_2fg7//urdf/ur5e_2fg7.ros2_control.xacro
[0.508s] -- Symlinking: /home/luca/ur_ws/src/install/ur5e_2fg7/share/ur5e_2fg7//urdf/ur5e_2fg7_description_only.urdf.xacro
[0.514s] -- Symlinking: /home/luca/ur_ws/src/install/ur5e_2fg7/share/ur5e_2fg7//urdf/ur5e_2fg7_final.urdf
[0.521s] -- Symlinking: /home/luca/ur_ws/src/install/ur5e_2fg7/share/ur5e_2fg7//urdf/ur5e_2fg7_main.urdf
[0.527s] -- Symlinking: /home/luca/ur_ws/src/install/ur5e_2fg7/share/ur5e_2fg7//urdf/ur5e_2fg7_main.urdf.xacro
[0.533s] -- Symlinking: /home/luca/ur_ws/src/install/ur5e_2fg7/share/ur5e_2fg7//launch/isaacsim_moveit.launch.py
[0.538s] -- Symlinking: /home/luca/ur_ws/src/install/ur5e_2fg7/share/ur5e_2fg7//launch/view_robot.launch.py
[0.544s] -- Symlinking: /home/luca/ur_ws/src/install/ur5e_2fg7/share/ur5e_2fg7//config/moveit_controllers.yaml
[0.550s] -- Symlinking: /home/luca/ur_ws/src/install/ur5e_2fg7/share/ur5e_2fg7//config/ros2_controllers.yaml
[0.556s] -- Symlinking: /home/luca/ur_ws/src/install/ur5e_2fg7/share/ur5e_2fg7//config/view_robot.rviz
[0.562s] -- Symlinking: /home/luca/ur_ws/src/install/ur5e_2fg7/share/ament_index/resource_index/package_run_dependencies/ur5e_2fg7
[0.568s] -- Symlinking: /home/luca/ur_ws/src/install/ur5e_2fg7/share/ament_index/resource_index/parent_prefix_path/ur5e_2fg7
[0.574s] -- Symlinking: /home/luca/ur_ws/src/install/ur5e_2fg7/share/ur5e_2fg7/environment/ament_prefix_path.sh
[0.580s] -- Symlinking: /home/luca/ur_ws/src/install/ur5e_2fg7/share/ur5e_2fg7/environment/ament_prefix_path.dsv
[0.586s] -- Symlinking: /home/luca/ur_ws/src/install/ur5e_2fg7/share/ur5e_2fg7/environment/path.sh
[0.592s] -- Symlinking: /home/luca/ur_ws/src/install/ur5e_2fg7/share/ur5e_2fg7/environment/path.dsv
[0.598s] -- Symlinking: /home/luca/ur_ws/src/install/ur5e_2fg7/share/ur5e_2fg7/local_setup.bash
[0.604s] -- Symlinking: /home/luca/ur_ws/src/install/ur5e_2fg7/share/ur5e_2fg7/local_setup.sh
[0.611s] -- Symlinking: /home/luca/ur_ws/src/install/ur5e_2fg7/share/ur5e_2fg7/local_setup.zsh
[0.618s] -- Symlinking: /home/luca/ur_ws/src/install/ur5e_2fg7/share/ur5e_2fg7/local_setup.dsv
[0.625s] -- Symlinking: /home/luca/ur_ws/src/install/ur5e_2fg7/share/ur5e_2fg7/package.dsv
[0.632s] -- Symlinking: /home/luca/ur_ws/src/install/ur5e_2fg7/share/ament_index/resource_index/packages/ur5e_2fg7
[0.638s] -- Symlinking: /home/luca/ur_ws/src/install/ur5e_2fg7/share/ur5e_2fg7/cmake/ur5e_2fg7Config.cmake
[0.644s] -- Symlinking: /home/luca/ur_ws/src/install/ur5e_2fg7/share/ur5e_2fg7/cmake/ur5e_2fg7Config-version.cmake
[0.650s] -- Symlinking: /home/luca/ur_ws/src/install/ur5e_2fg7/share/ur5e_2fg7/package.xml
[0.658s] Invoked command in '/home/luca/ur_ws/src/build/ur5e_2fg7' returned '0': AMENT_PREFIX_PATH=/home/luca/ur_ws/src/install/ur_description:/home/luca/ur_ws/src/install/onrobot_2fg7_description:${AMENT_PREFIX_PATH} CMAKE_PREFIX_PATH=/home/luca/ur_ws/src/install/ur_description:/home/luca/ur_ws/src/install/onrobot_2fg7_description:/home/luca/ur_ws/install/ur:/home/luca/ur_ws/install/ur_calibration:/home/luca/ur_ws/install/ur_robot_driver:/home/luca/ur_ws/install/ur_moveit_config:/home/luca/ur_ws/install/ur5e_2fg7_moveit_config:/home/luca/ur_ws/install/ur5e_2fg7:/home/luca/ur_ws/install/ur_description:/home/luca/ur_ws/install/ur_controllers:/home/luca/ur_ws/install/ur_dashboard_msgs:/home/luca/ur_ws/install/ur_client_library:/home/luca/ur_ws/install/ur5e_demo:/home/luca/ur_ws/install/onrobot_2fg7_description:/home/luca/ur_ws/install/moveit_resources:/home/luca/ur_ws/install/moveit_resources_pr2_description:/home/luca/ur_ws/install/moveit_resources_panda_moveit_config:/home/luca/ur_ws/install/moveit_resources_panda_description:/home/luca/ur_ws/install/moveit_resources_fanuc_moveit_config:/home/luca/ur_ws/install/moveit_resources_fanuc_description:/home/luca/ur_ws/install/moveit_planning:/home/luca/ur_ws/install/create_scene:/opt/ros/humble /usr/bin/cmake --install /home/luca/ur_ws/src/build/ur5e_2fg7
