[0.015s] Invoking command in '/home/luca/ur_ws/src/build/onrobot_2fg7_description': CMAKE_PREFIX_PATH=${CMAKE_PREFIX_PATH}:/opt/ros/humble /usr/bin/cmake --build /home/luca/ur_ws/src/build/onrobot_2fg7_description -- -j8 -l8
[0.043s] Invoked command in '/home/luca/ur_ws/src/build/onrobot_2fg7_description' returned '0': CMAKE_PREFIX_PATH=${CMAKE_PREFIX_PATH}:/opt/ros/humble /usr/bin/cmake --build /home/luca/ur_ws/src/build/onrobot_2fg7_description -- -j8 -l8
[0.050s] Invoking command in '/home/luca/ur_ws/src/build/onrobot_2fg7_description': CMAKE_PREFIX_PATH=${CMAKE_PREFIX_PATH}:/opt/ros/humble /usr/bin/cmake --install /home/luca/ur_ws/src/build/onrobot_2fg7_description
[0.055s] -- Install configuration: ""
[0.056s] -- Execute custom install script
[0.056s] -- Up-to-date symlink: /home/luca/ur_ws/src/install/onrobot_2fg7_description/share/onrobot_2fg7_description/config/onrobot_2fg7_config.rviz
[0.056s] -- Up-to-date symlink: /home/luca/ur_ws/src/install/onrobot_2fg7_description/share/onrobot_2fg7_description/urdf/materials.xacro
[0.056s] -- Up-to-date symlink: /home/luca/ur_ws/src/install/onrobot_2fg7_description/share/onrobot_2fg7_description/urdf/onrobot_2fg7.urdf.xacro
[0.056s] -- Up-to-date symlink: /home/luca/ur_ws/src/install/onrobot_2fg7_description/share/onrobot_2fg7_description/urdf/onrobot_2fg7.xacro
[0.057s] -- Up-to-date symlink: /home/luca/ur_ws/src/install/onrobot_2fg7_description/share/onrobot_2fg7_description/launch/rviz.launch.py
[0.057s] -- Up-to-date symlink: /home/luca/ur_ws/src/install/onrobot_2fg7_description/share/onrobot_2fg7_description/meshes/base_link.stl
[0.057s] -- Up-to-date symlink: /home/luca/ur_ws/src/install/onrobot_2fg7_description/share/onrobot_2fg7_description/meshes/finger_link.stl
[0.057s] -- Up-to-date symlink: /home/luca/ur_ws/src/install/onrobot_2fg7_description/share/onrobot_2fg7_description/ros2_control/onrobot_2fg7.ros2_control.xacro
[0.058s] -- Up-to-date symlink: /home/luca/ur_ws/src/install/onrobot_2fg7_description/share/ament_index/resource_index/package_run_dependencies/onrobot_2fg7_description
[0.058s] -- Up-to-date symlink: /home/luca/ur_ws/src/install/onrobot_2fg7_description/share/ament_index/resource_index/parent_prefix_path/onrobot_2fg7_description
[0.058s] -- Up-to-date symlink: /home/luca/ur_ws/src/install/onrobot_2fg7_description/share/onrobot_2fg7_description/environment/ament_prefix_path.sh
[0.058s] -- Up-to-date symlink: /home/luca/ur_ws/src/install/onrobot_2fg7_description/share/onrobot_2fg7_description/environment/ament_prefix_path.dsv
[0.058s] -- Up-to-date symlink: /home/luca/ur_ws/src/install/onrobot_2fg7_description/share/onrobot_2fg7_description/environment/path.sh
[0.059s] -- Up-to-date symlink: /home/luca/ur_ws/src/install/onrobot_2fg7_description/share/onrobot_2fg7_description/environment/path.dsv
[0.059s] -- Up-to-date symlink: /home/luca/ur_ws/src/install/onrobot_2fg7_description/share/onrobot_2fg7_description/local_setup.bash
[0.059s] -- Up-to-date symlink: /home/luca/ur_ws/src/install/onrobot_2fg7_description/share/onrobot_2fg7_description/local_setup.sh
[0.059s] -- Up-to-date symlink: /home/luca/ur_ws/src/install/onrobot_2fg7_description/share/onrobot_2fg7_description/local_setup.zsh
[0.060s] -- Up-to-date symlink: /home/luca/ur_ws/src/install/onrobot_2fg7_description/share/onrobot_2fg7_description/local_setup.dsv
[0.060s] -- Symlinking: /home/luca/ur_ws/src/install/onrobot_2fg7_description/share/onrobot_2fg7_description/package.dsv
[0.067s] -- Up-to-date symlink: /home/luca/ur_ws/src/install/onrobot_2fg7_description/share/ament_index/resource_index/packages/onrobot_2fg7_description
[0.067s] -- Up-to-date symlink: /home/luca/ur_ws/src/install/onrobot_2fg7_description/share/onrobot_2fg7_description/cmake/onrobot_2fg7_descriptionConfig.cmake
[0.067s] -- Up-to-date symlink: /home/luca/ur_ws/src/install/onrobot_2fg7_description/share/onrobot_2fg7_description/cmake/onrobot_2fg7_descriptionConfig-version.cmake
[0.067s] -- Up-to-date symlink: /home/luca/ur_ws/src/install/onrobot_2fg7_description/share/onrobot_2fg7_description/package.xml
[0.068s] Invoked command in '/home/luca/ur_ws/src/build/onrobot_2fg7_description' returned '0': CMAKE_PREFIX_PATH=${CMAKE_PREFIX_PATH}:/opt/ros/humble /usr/bin/cmake --install /home/luca/ur_ws/src/build/onrobot_2fg7_description
