[0.011s] Invoking command in '/home/luca/ur_ws/src/build/create_scene': CMAKE_PREFIX_PATH=${CMAKE_PREFIX_PATH}:/opt/ros/humble /usr/bin/cmake --build /home/luca/ur_ws/src/build/create_scene -- -j8 -l8
[0.055s] [100%] Built target scene
[0.084s] Invoked command in '/home/luca/ur_ws/src/build/create_scene' returned '0': CMAKE_PREFIX_PATH=${CMAKE_PREFIX_PATH}:/opt/ros/humble /usr/bin/cmake --build /home/luca/ur_ws/src/build/create_scene -- -j8 -l8
[0.085s] Invoking command in '/home/luca/ur_ws/src/build/create_scene': CMAKE_PREFIX_PATH=${CMAKE_PREFIX_PATH}:/opt/ros/humble /usr/bin/cmake --install /home/luca/ur_ws/src/build/create_scene
[0.091s] -- Install configuration: ""
[0.091s] -- Execute custom install script
[0.092s] -- Up-to-date symlink: /home/luca/ur_ws/src/install/create_scene/lib/create_scene/scene
[0.092s] -- Up-to-date symlink: /home/luca/ur_ws/src/install/create_scene/share/create_scene//launch/create_scene.launch.py
[0.092s] -- Up-to-date symlink: /home/luca/ur_ws/src/install/create_scene/share/ament_index/resource_index/package_run_dependencies/create_scene
[0.092s] -- Up-to-date symlink: /home/luca/ur_ws/src/install/create_scene/share/ament_index/resource_index/parent_prefix_path/create_scene
[0.093s] -- Up-to-date symlink: /home/luca/ur_ws/src/install/create_scene/share/create_scene/environment/ament_prefix_path.sh
[0.093s] -- Up-to-date symlink: /home/luca/ur_ws/src/install/create_scene/share/create_scene/environment/ament_prefix_path.dsv
[0.093s] -- Up-to-date symlink: /home/luca/ur_ws/src/install/create_scene/share/create_scene/environment/path.sh
[0.093s] -- Up-to-date symlink: /home/luca/ur_ws/src/install/create_scene/share/create_scene/environment/path.dsv
[0.093s] -- Up-to-date symlink: /home/luca/ur_ws/src/install/create_scene/share/create_scene/local_setup.bash
[0.094s] -- Up-to-date symlink: /home/luca/ur_ws/src/install/create_scene/share/create_scene/local_setup.sh
[0.094s] -- Up-to-date symlink: /home/luca/ur_ws/src/install/create_scene/share/create_scene/local_setup.zsh
[0.094s] -- Up-to-date symlink: /home/luca/ur_ws/src/install/create_scene/share/create_scene/local_setup.dsv
[0.094s] -- Symlinking: /home/luca/ur_ws/src/install/create_scene/share/create_scene/package.dsv
[0.100s] -- Up-to-date symlink: /home/luca/ur_ws/src/install/create_scene/share/ament_index/resource_index/packages/create_scene
[0.101s] -- Up-to-date symlink: /home/luca/ur_ws/src/install/create_scene/share/create_scene/cmake/create_sceneConfig.cmake
[0.101s] -- Up-to-date symlink: /home/luca/ur_ws/src/install/create_scene/share/create_scene/cmake/create_sceneConfig-version.cmake
[0.101s] -- Up-to-date symlink: /home/luca/ur_ws/src/install/create_scene/share/create_scene/package.xml
[0.103s] Invoked command in '/home/luca/ur_ws/src/build/create_scene' returned '0': CMAKE_PREFIX_PATH=${CMAKE_PREFIX_PATH}:/opt/ros/humble /usr/bin/cmake --install /home/luca/ur_ws/src/build/create_scene
