[0.010s] Invoking command in '/home/luca/ur_ws/src/build/ur_description': CMAKE_PREFIX_PATH=${CMAKE_PREFIX_PATH}:/opt/ros/humble /usr/bin/cmake /home/luca/ur_ws/src/Universal_Robots_ROS2_Description -DAMENT_CMAKE_SYMLINK_INSTALL=1 -DCMAKE_INSTALL_PREFIX=/home/luca/ur_ws/src/install/ur_description
[0.051s] -- The C compiler identification is GNU 11.4.0
[0.094s] -- The CXX compiler identification is GNU 11.4.0
[0.099s] -- Detecting C compiler ABI info
[0.153s] -- Detecting C compiler ABI info - done
[0.159s] -- Check for working C compiler: /usr/bin/cc - skipped
[0.159s] -- Detecting C compile features
[0.159s] -- Detecting C compile features - done
[0.161s] -- Detecting CXX compiler ABI info
[0.221s] -- Detecting CXX compiler ABI info - done
[0.227s] -- Check for working CXX compiler: /usr/bin/c++ - skipped
[0.227s] -- Detecting CXX compile features
[0.228s] -- Detecting CXX compile features - done
[0.230s] -- Found ament_cmake: 1.3.14 (/opt/ros/humble/share/ament_cmake/cmake)
[0.350s] -- Found Python3: /usr/bin/python3 (found version "3.10.12") found components: Interpreter 
[0.402s] -- Override CMake install command with custom implementation using symlinks instead of copying resources
[0.434s] -- Found ament_cmake_pytest: 1.3.14 (/opt/ros/humble/share/ament_cmake_pytest/cmake)
[0.957s] -- Configuring done
[0.959s] -- Generating done
[0.960s] -- Build files have been written to: /home/luca/ur_ws/src/build/ur_description
[0.963s] Invoked command in '/home/luca/ur_ws/src/build/ur_description' returned '0': CMAKE_PREFIX_PATH=${CMAKE_PREFIX_PATH}:/opt/ros/humble /usr/bin/cmake /home/luca/ur_ws/src/Universal_Robots_ROS2_Description -DAMENT_CMAKE_SYMLINK_INSTALL=1 -DCMAKE_INSTALL_PREFIX=/home/luca/ur_ws/src/install/ur_description
[0.964s] Invoking command in '/home/luca/ur_ws/src/build/ur_description': CMAKE_PREFIX_PATH=${CMAKE_PREFIX_PATH}:/opt/ros/humble /usr/bin/cmake --build /home/luca/ur_ws/src/build/ur_description -- -j8 -l8
[0.990s] Invoked command in '/home/luca/ur_ws/src/build/ur_description' returned '0': CMAKE_PREFIX_PATH=${CMAKE_PREFIX_PATH}:/opt/ros/humble /usr/bin/cmake --build /home/luca/ur_ws/src/build/ur_description -- -j8 -l8
[0.991s] Invoking command in '/home/luca/ur_ws/src/build/ur_description': CMAKE_PREFIX_PATH=${CMAKE_PREFIX_PATH}:/opt/ros/humble /usr/bin/cmake --install /home/luca/ur_ws/src/build/ur_description
[0.996s] -- Install configuration: ""
[0.996s] -- Execute custom install script
[0.996s] -- Symlinking: /home/luca/ur_ws/src/install/ur_description/share/ur_description/config/initial_positions.yaml
[1.002s] -- Symlinking: /home/luca/ur_ws/src/install/ur_description/share/ur_description/config/ur5e/default_kinematics.yaml
[1.008s] -- Symlinking: /home/luca/ur_ws/src/install/ur_description/share/ur_description/config/ur5e/joint_limits.yaml
[1.014s] -- Symlinking: /home/luca/ur_ws/src/install/ur_description/share/ur_description/config/ur5e/physical_parameters.yaml
[1.020s] -- Symlinking: /home/luca/ur_ws/src/install/ur_description/share/ur_description/config/ur5e/visual_parameters.yaml
[1.026s] -- Symlinking: /home/luca/ur_ws/src/install/ur_description/share/ur_description/launch/view_ur.launch.py
[1.032s] -- Symlinking: /home/luca/ur_ws/src/install/ur_description/share/ur_description/meshes/onrobot_2FG7/base_link.stl
[1.039s] -- Symlinking: /home/luca/ur_ws/src/install/ur_description/share/ur_description/meshes/onrobot_2FG7/inwards/left_finger_link.stl
[1.044s] -- Symlinking: /home/luca/ur_ws/src/install/ur_description/share/ur_description/meshes/onrobot_2FG7/inwards/right_finger_link.stl
[1.050s] -- Symlinking: /home/luca/ur_ws/src/install/ur_description/share/ur_description/meshes/onrobot_2FG7/left_finger_link.stl
[1.056s] -- Symlinking: /home/luca/ur_ws/src/install/ur_description/share/ur_description/meshes/onrobot_2FG7/right_finger_link.stl
[1.062s] -- Symlinking: /home/luca/ur_ws/src/install/ur_description/share/ur_description/meshes/ur5e/collision/base.stl
[1.067s] -- Symlinking: /home/luca/ur_ws/src/install/ur_description/share/ur_description/meshes/ur5e/collision/forearm.stl
[1.074s] -- Symlinking: /home/luca/ur_ws/src/install/ur_description/share/ur_description/meshes/ur5e/collision/shoulder.stl
[1.080s] -- Symlinking: /home/luca/ur_ws/src/install/ur_description/share/ur_description/meshes/ur5e/collision/upperarm.stl
[1.086s] -- Symlinking: /home/luca/ur_ws/src/install/ur_description/share/ur_description/meshes/ur5e/collision/wrist1.stl
[1.092s] -- Symlinking: /home/luca/ur_ws/src/install/ur_description/share/ur_description/meshes/ur5e/collision/wrist2.stl
[1.098s] -- Symlinking: /home/luca/ur_ws/src/install/ur_description/share/ur_description/meshes/ur5e/collision/wrist3.stl
[1.103s] -- Symlinking: /home/luca/ur_ws/src/install/ur_description/share/ur_description/meshes/ur5e/visual/base.dae
[1.109s] -- Symlinking: /home/luca/ur_ws/src/install/ur_description/share/ur_description/meshes/ur5e/visual/forearm.dae
[1.115s] -- Symlinking: /home/luca/ur_ws/src/install/ur_description/share/ur_description/meshes/ur5e/visual/shoulder.dae
[1.120s] -- Symlinking: /home/luca/ur_ws/src/install/ur_description/share/ur_description/meshes/ur5e/visual/upperarm.dae
[1.127s] -- Symlinking: /home/luca/ur_ws/src/install/ur_description/share/ur_description/meshes/ur5e/visual/wrist1.dae
[1.132s] -- Symlinking: /home/luca/ur_ws/src/install/ur_description/share/ur_description/meshes/ur5e/visual/wrist2.dae
[1.139s] -- Symlinking: /home/luca/ur_ws/src/install/ur_description/share/ur_description/meshes/ur5e/visual/wrist3.dae
[1.145s] -- Symlinking: /home/luca/ur_ws/src/install/ur_description/share/ur_description/rviz/view_robot.rviz
[1.151s] -- Symlinking: /home/luca/ur_ws/src/install/ur_description/share/ur_description/urdf/inc/materials.xacro
[1.157s] -- Symlinking: /home/luca/ur_ws/src/install/ur_description/share/ur_description/urdf/inc/onrobot_2fg7.trans.xacro
[1.163s] -- Symlinking: /home/luca/ur_ws/src/install/ur_description/share/ur_description/urdf/inc/ur_common.xacro
[1.169s] -- Symlinking: /home/luca/ur_ws/src/install/ur_description/share/ur_description/urdf/inc/ur_transmissions.xacro
[1.175s] -- Symlinking: /home/luca/ur_ws/src/install/ur_description/share/ur_description/urdf/onrobot_2fg7.xacro
[1.181s] -- Symlinking: /home/luca/ur_ws/src/install/ur_description/share/ur_description/urdf/ur.ros2_control.xacro
[1.187s] -- Symlinking: /home/luca/ur_ws/src/install/ur_description/share/ur_description/urdf/ur.urdf.xacro
[1.193s] -- Symlinking: /home/luca/ur_ws/src/install/ur_description/share/ur_description/urdf/ur_macro.xacro
[1.199s] -- Symlinking: /home/luca/ur_ws/src/install/ur_description/share/ur_description/test/test_ur_urdf_xacro.py
[1.205s] -- Symlinking: /home/luca/ur_ws/src/install/ur_description/share/ur_description/test/test_view_ur_launch.py
[1.211s] -- Symlinking: /home/luca/ur_ws/src/install/ur_description/share/ament_index/resource_index/package_run_dependencies/ur_description
[1.216s] -- Symlinking: /home/luca/ur_ws/src/install/ur_description/share/ament_index/resource_index/parent_prefix_path/ur_description
[1.222s] -- Symlinking: /home/luca/ur_ws/src/install/ur_description/share/ur_description/environment/ament_prefix_path.sh
[1.228s] -- Symlinking: /home/luca/ur_ws/src/install/ur_description/share/ur_description/environment/ament_prefix_path.dsv
[1.234s] -- Symlinking: /home/luca/ur_ws/src/install/ur_description/share/ur_description/environment/path.sh
[1.241s] -- Symlinking: /home/luca/ur_ws/src/install/ur_description/share/ur_description/environment/path.dsv
[1.247s] -- Symlinking: /home/luca/ur_ws/src/install/ur_description/share/ur_description/local_setup.bash
[1.253s] -- Symlinking: /home/luca/ur_ws/src/install/ur_description/share/ur_description/local_setup.sh
[1.259s] -- Symlinking: /home/luca/ur_ws/src/install/ur_description/share/ur_description/local_setup.zsh
[1.266s] -- Symlinking: /home/luca/ur_ws/src/install/ur_description/share/ur_description/local_setup.dsv
[1.272s] -- Symlinking: /home/luca/ur_ws/src/install/ur_description/share/ur_description/package.dsv
[1.278s] -- Symlinking: /home/luca/ur_ws/src/install/ur_description/share/ament_index/resource_index/packages/ur_description
[1.284s] -- Symlinking: /home/luca/ur_ws/src/install/ur_description/share/ur_description/cmake/ur_descriptionConfig.cmake
[1.290s] -- Symlinking: /home/luca/ur_ws/src/install/ur_description/share/ur_description/cmake/ur_descriptionConfig-version.cmake
[1.298s] -- Symlinking: /home/luca/ur_ws/src/install/ur_description/share/ur_description/package.xml
[1.305s] Invoked command in '/home/luca/ur_ws/src/build/ur_description' returned '0': CMAKE_PREFIX_PATH=${CMAKE_PREFIX_PATH}:/opt/ros/humble /usr/bin/cmake --install /home/luca/ur_ws/src/build/ur_description
